<?xml version="1.0" encoding="UTF-8"?>
<!-- Generated by org.testng.reporters.JUnitXMLReporter -->
<testsuite ignored="0" hostname="ACHUVISHNU" failures="0" tests="11" name="Test" time="63.896" errors="0" timestamp="2026-07-18T12:15:50 IST">
  <testcase classname="testscript.ManageCategoryTest" name="verifyUserIsAbleToAccessManageCategoryField" time="4.471"/>
  <testcase classname="testscript.AdminUsersTest" name="verifyUserIsAbleToAddNewUserInformation" time="2.48"/>
  <testcase classname="testscript.AdminUsersTest" name="verifyUserIsAbleToRedirectSuccessfullyToAdminUsersPage" time="0.731"/>
  <testcase classname="testscript.HomeTest" name="verifyUserIsAbleToLogOutSuccessfully" time="1.554"/>
  <testcase classname="testscript.ManageDeliveryBoyTest" name="verifyUserIsAbleToAccessManageDeliveryBoyPage" time="3.735"/>
  <testcase classname="testscript.ManageLocationTest" name="verifyUserIsAbleToAccessManageLocationPage" time="3.007"/>
  <testcase classname="testscript.LoginTest" name="verifyUserIsAbleToLoginWithInvalidCredentials" time="0.722"/>
  <testcase classname="testscript.LoginTest" name="verifyUserIsAbleToLoginWithInvalidUsernameAndValidPassword" time="0.644"/>
  <testcase classname="testscript.LoginTest" name="verifyUserIsAbleToLoginWithValidCredentials" time="1.175"/>
  <testcase classname="testscript.LoginTest" name="verifyUserIsAbleToLoginWithValidUsernameAndInvalidPassword" time="0.704"/>
  <testcase classname="testscript.ManageNewsTest" name="verifyUserIsAbleToAccessManageNewsPageSuccessfully" time="2.797"/>
</testsuite> <!-- Test -->
