<?xml version="1.0" encoding="UTF-8"?>
<!-- Generated by org.testng.reporters.JUnitXMLReporter -->
<testsuite ignored="0" hostname="ACHUVISHNU" failures="1" tests="11" name="Test" time="74.962" errors="0" timestamp="2026-07-09T18:16:07 IST">
  <testcase classname="testscript.ManageCategoryTest" name="verifyUserIsAbleToAccessManageCategoryField" time="2.467"/>
  <testcase classname="testscript.AdminUsersTest" name="verifyUserIsAbleToAddNewUserInformation" time="1.261">
    <failure type="org.openqa.selenium.NoSuchElementException" message="no such element: Unable to locate element: {&amp;quot;method&amp;quot;:&amp;quot;xpath&amp;quot;,&amp;quot;selector&amp;quot;:&amp;quot;//div[contains(@class,&amp;apos;alert alert-danger alert-dismissible&amp;apos;)]&amp;quot;}
  (Session info: chrome=149.0.7827.201)
For documentation on this error, please visit: https://www.selenium.dev/documentation/webdriver/troubleshooting/errors#no-such-element-exception
Build info: version: &amp;apos;4.27.0&amp;apos;, revision: &amp;apos;d6e718d134&amp;apos;
System info: os.name: &amp;apos;Windows 11&amp;apos;, os.arch: &amp;apos;amd64&amp;apos;, os.version: &amp;apos;10.0&amp;apos;, java.version: &amp;apos;21.0.10&amp;apos;
Driver info: org.openqa.selenium.chrome.ChromeDriver
Command: [b82da1853a913ab3abe55e8389afb0ba, findElement {value=//div[contains(@class,&amp;apos;alert alert-danger alert-dismissible&amp;apos;)], using=xpath}]
Capabilities {acceptInsecureCerts: false, browserName: chrome, browserVersion: 149.0.7827.201, chrome: {chromedriverVersion: 149.0.7827.155 (07b52360cc1..., userDataDir: C:\Users\ACHUVI~1\AppData\L...}, fedcm:accounts: true, goog:chromeOptions: {debuggerAddress: localhost:13702}, goog:processID: 5472, networkConnectionEnabled: false, pageLoadStrategy: normal, platformName: windows, proxy: Proxy(), se:cdp: ws://localhost:13702/devtoo..., se:cdpVersion: 149.0.7827.201, setWindowRect: true, strictFileInteractability: false, timeouts: {implicit: 0, pageLoad: 300000, script: 30000}, unhandledPromptBehavior: dismiss and notify, webauthn:extension:credBlob: true, webauthn:extension:largeBlob: true, webauthn:extension:minPinLength: true, webauthn:extension:prf: true, webauthn:virtualAuthenticators: true}
Session ID: b82da1853a913ab3abe55e8389afb0ba">
      <![CDATA[org.openqa.selenium.NoSuchElementException: no such element: Unable to locate element: {"method":"xpath","selector":"//div[contains(@class,'alert alert-danger alert-dismissible')]"}
  (Session info: chrome=149.0.7827.201)
For documentation on this error, please visit: https://www.selenium.dev/documentation/webdriver/troubleshooting/errors#no-such-element-exception
Build info: version: '4.27.0', revision: 'd6e718d134'
System info: os.name: 'Windows 11', os.arch: 'amd64', os.version: '10.0', java.version: '21.0.10'
Driver info: org.openqa.selenium.chrome.ChromeDriver
Command: [b82da1853a913ab3abe55e8389afb0ba, findElement {value=//div[contains(@class,'alert alert-danger alert-dismissible')], using=xpath}]
Capabilities {acceptInsecureCerts: false, browserName: chrome, browserVersion: 149.0.7827.201, chrome: {chromedriverVersion: 149.0.7827.155 (07b52360cc1..., userDataDir: C:\Users\ACHUVI~1\AppData\L...}, fedcm:accounts: true, goog:chromeOptions: {debuggerAddress: localhost:13702}, goog:processID: 5472, networkConnectionEnabled: false, pageLoadStrategy: normal, platformName: windows, proxy: Proxy(), se:cdp: ws://localhost:13702/devtoo..., se:cdpVersion: 149.0.7827.201, setWindowRect: true, strictFileInteractability: false, timeouts: {implicit: 0, pageLoad: 300000, script: 30000}, unhandledPromptBehavior: dismiss and notify, webauthn:extension:credBlob: true, webauthn:extension:largeBlob: true, webauthn:extension:minPinLength: true, webauthn:extension:prf: true, webauthn:virtualAuthenticators: true}
Session ID: b82da1853a913ab3abe55e8389afb0ba
at org.openqa.selenium.remote.ErrorCodec.decode(ErrorCodec.java:167)
at org.openqa.selenium.remote.codec.w3c.W3CHttpResponseCodec.decode(W3CHttpResponseCodec.java:138)
at org.openqa.selenium.remote.codec.w3c.W3CHttpResponseCodec.decode(W3CHttpResponseCodec.java:50)
at org.openqa.selenium.remote.HttpCommandExecutor.execute(HttpCommandExecutor.java:190)
at org.openqa.selenium.remote.service.DriverCommandExecutor.invokeExecute(DriverCommandExecutor.java:216)
at org.openqa.selenium.remote.service.DriverCommandExecutor.execute(DriverCommandExecutor.java:174)
at org.openqa.selenium.remote.RemoteWebDriver.execute(RemoteWebDriver.java:545)
at org.openqa.selenium.remote.ElementLocation$ElementFinder$2.findElement(ElementLocation.java:165)
at org.openqa.selenium.remote.ElementLocation.findElement(ElementLocation.java:59)
at org.openqa.selenium.remote.RemoteWebDriver.findElement(RemoteWebDriver.java:368)
at org.openqa.selenium.remote.RemoteWebDriver.findElement(RemoteWebDriver.java:362)
at org.openqa.selenium.support.pagefactory.DefaultElementLocator.findElement(DefaultElementLocator.java:68)
at org.openqa.selenium.support.pagefactory.internal.LocatingElementHandler.invoke(LocatingElementHandler.java:38)
at jdk.proxy2/jdk.proxy2.$Proxy13.isDisplayed(Unknown Source)
at pages.AdminUsersPage.isUserCreatedAlertDisplayed(AdminUsersPage.java:69)
at testscript.AdminUsersTest.verifyUserIsAbleToAddNewUserInformation(AdminUsersTest.java:51)
at java.base/java.util.ArrayList.forEach(ArrayList.java:1596)
... Removed 28 stack frames]]>
    </failure>
  </testcase> <!-- verifyUserIsAbleToAddNewUserInformation -->
  <testcase classname="testscript.AdminUsersTest" name="verifyUserIsAbleToRedirectSuccessfullyToAdminUsersPage" time="0.38"/>
  <testcase classname="testscript.ManageNewsTest" name="verifyUserIsAbleToAccessManageNewsPageSuccessfully" time="2.474"/>
  <testcase classname="testscript.LogOutTest" name="verifyUserIsAbleToLogOutSuccessfully" time="1.029"/>
  <testcase classname="testscript.ManageDeliveryBoyTest" name="verifyUserIsAbleToAccessManageDeliveryBoyPage" time="2.153"/>
  <testcase classname="testscript.ManageLocationTest" name="verifyUserIsAbleToAccessManageLocationPage" time="2.266"/>
  <testcase classname="testscript.LoginTest" name="verifyUserIsAbleToLoginWithInvalidCredentials" time="0.456"/>
  <testcase classname="testscript.LoginTest" name="verifyUserIsAbleToLoginWithInvalidUsernameAndValidPassword" time="0.406"/>
  <testcase classname="testscript.LoginTest" name="verifyUserIsAbleToLoginWithValidCredentials" time="2.253"/>
  <testcase classname="testscript.LoginTest" name="verifyUserIsAbleToLoginWithValidUsernameAndInvalidPassword" time="0.628"/>
</testsuite> <!-- Test -->
