<?xml version="1.0" encoding="UTF-8"?>
<testng-results ignored="0" total="1" passed="1" failed="0" skipped="0">
  <reporter-output>
  </reporter-output>
  <suite started-at="2026-07-09T11:52:48 IST" name="Default suite" finished-at="2026-07-09T11:52:58 IST" duration-ms="9213">
    <groups>
    </groups>
    <test started-at="2026-07-09T11:52:48 IST" name="Default test" finished-at="2026-07-09T11:52:58 IST" duration-ms="9213">
      <class name="testscript.ManageCategoryTest">
        <test-method is-config="true" signature="initializebrowser()[pri:0, instance:testscript.ManageCategoryTest@557caf28]" started-at="2026-07-09T11:52:48 IST" name="initializebrowser" finished-at="2026-07-09T11:52:53 IST" duration-ms="4475" status="PASS">
          <reporter-output>
          </reporter-output>
        </test-method> <!-- initializebrowser -->
        <test-method signature="verifyUserIsAbleToAccessManageCategoryField()[pri:0, instance:testscript.ManageCategoryTest@557caf28]" started-at="2026-07-09T11:52:53 IST" name="verifyUserIsAbleToAccessManageCategoryField" finished-at="2026-07-09T11:52:57 IST" duration-ms="4098" status="PASS">
          <reporter-output>
          </reporter-output>
        </test-method> <!-- verifyUserIsAbleToAccessManageCategoryField -->
        <test-method is-config="true" signature="closebrowser()[pri:0, instance:testscript.ManageCategoryTest@557caf28]" started-at="2026-07-09T11:52:57 IST" name="closebrowser" finished-at="2026-07-09T11:52:58 IST" duration-ms="568" status="PASS">
          <reporter-output>
          </reporter-output>
        </test-method> <!-- closebrowser -->
      </class> <!-- testscript.ManageCategoryTest -->
    </test> <!-- Default test -->
  </suite> <!-- Default suite -->
</testng-results>
