<?xml version="1.0" encoding="UTF-8"?>
<!-- Generated by org.testng.reporters.JUnitReportReporter -->
<testsuite hostname="ACHUVISHNU" failures="0" tests="2" name="testscript.ManageNewsTest" time="17.258" errors="0" timestamp="2026-07-09T21:32:51 IST" skipped="0">
  <testcase classname="testscript.ManageNewsTest" name="verifyUserIsAbleToAccessManageNewsPageSuccessfully" time="8.545"/>
  <testcase classname="testscript.ManageNewsTest" name="verifyUserIsAbleToAccessManageNewsPageSuccessfully" time="8.713"/>
</testsuite> <!-- testscript.ManageNewsTest -->
