<?xml version="1.0" encoding="UTF-8"?>
<!-- Generated by org.testng.reporters.JUnitReportReporter -->
<testsuite hostname="ACHUVISHNU" failures="0" tests="2" name="testscript.ManageLocationTest" time="18.056" errors="0" timestamp="2026-07-09T21:32:51 IST" skipped="0">
  <testcase classname="testscript.ManageLocationTest" name="verifyUserIsAbleToAccessManageLocationPage" time="7.494"/>
  <testcase classname="testscript.ManageLocationTest" name="verifyUserIsAbleToAccessManageLocationPage" time="10.562"/>
</testsuite> <!-- testscript.ManageLocationTest -->
