<?xml version="1.0" encoding="UTF-8"?>
<!-- Generated by org.testng.reporters.JUnitReportReporter -->
<testsuite hostname="ACHUVISHNU" failures="0" tests="2" name="testscript.ManageCategoryTest" time="18.107" errors="0" timestamp="2026-07-09T21:32:51 IST" skipped="0">
  <testcase classname="testscript.ManageCategoryTest" name="verifyUserIsAbleToAccessManageCategoryField" time="11.178"/>
  <testcase classname="testscript.ManageCategoryTest" name="verifyUserIsAbleToAccessManageCategoryField" time="6.929"/>
</testsuite> <!-- testscript.ManageCategoryTest -->
