<?xml version="1.0" encoding="UTF-8"?>
<!-- Generated by org.testng.reporters.JUnitReportReporter -->
<testsuite hostname="ACHUVISHNU" failures="0" tests="2" name="testscript.LogOutTest" time="13.618" errors="0" timestamp="2026-07-09T21:32:51 IST" skipped="0">
  <testcase classname="testscript.LogOutTest" name="verifyUserIsAbleToLogOutSuccessfully" time="5.379"/>
  <testcase classname="testscript.LogOutTest" name="verifyUserIsAbleToLogOutSuccessfully" time="8.239"/>
</testsuite> <!-- testscript.LogOutTest -->
