<?xml version="1.0" encoding="UTF-8"?>
<!-- Generated by org.testng.reporters.JUnitReportReporter -->
<testsuite hostname="ACHUVISHNU" failures="0" tests="2" name="testscript.AdminUsersTest" time="12.333" errors="0" timestamp="2026-07-21T11:58:33 IST" skipped="0">
  <testcase classname="testscript.AdminUsersTest" name="verifyUserIsAbleToAddNewUserInformation" time="7.309"/>
  <testcase classname="testscript.AdminUsersTest" name="verifyUserIsAbleToRedirectSuccessfullyToAdminUsersPage" time="5.024"/>
</testsuite> <!-- testscript.AdminUsersTest -->
