<?xml version="1.0" encoding="UTF-8"?>
<!-- Generated by org.testng.reporters.JUnitReportReporter -->
<testsuite hostname="ACHUVISHNU" failures="0" tests="2" name="testscript.AdminUsersTest" time="6.202" errors="0" timestamp="2026-07-17T10:39:26 IST" skipped="0">
  <testcase classname="testscript.AdminUsersTest" name="verifyUserIsAbleToAddNewUserInformation" time="3.581"/>
  <testcase classname="testscript.AdminUsersTest" name="verifyUserIsAbleToRedirectSuccessfullyToAdminUsersPage" time="2.621"/>
</testsuite> <!-- testscript.AdminUsersTest -->
