<?xml version="1.0" encoding="UTF-8"?>
<!-- Generated by org.testng.reporters.JUnitReportReporter -->
<testsuite hostname="ACHUVISHNU" failures="0" tests="2" name="testscript.ManageDeliveryBoyTest" time="18.341" errors="0" timestamp="2026-07-09T21:32:51 IST" skipped="0">
  <testcase classname="testscript.ManageDeliveryBoyTest" name="verifyUserIsAbleToAccessManageDeliveryBoyPage" time="9.852"/>
  <testcase classname="testscript.ManageDeliveryBoyTest" name="verifyUserIsAbleToAccessManageDeliveryBoyPage" time="8.489"/>
</testsuite> <!-- testscript.ManageDeliveryBoyTest -->
