<?xml version="1.0" encoding="UTF-8"?>
<!-- Generated by org.testng.reporters.JUnitXMLReporter -->
<testsuite ignored="0" hostname="ACHUVISHNU" failures="0" tests="11" name="ChromeTest" time="125.679" errors="0" timestamp="2026-07-09T21:25:28 IST">
  <testcase classname="testscript.ManageCategoryTest" name="verifyUserIsAbleToAccessManageCategoryField" time="3.415"/>
  <testcase classname="testscript.AdminUsersTest" name="verifyUserIsAbleToAddNewUserInformation" time="2.585"/>
  <testcase classname="testscript.AdminUsersTest" name="verifyUserIsAbleToRedirectSuccessfullyToAdminUsersPage" time="3.962"/>
  <testcase classname="testscript.ManageNewsTest" name="verifyUserIsAbleToAccessManageNewsPageSuccessfully" time="6.472"/>
  <testcase classname="testscript.LogOutTest" name="verifyUserIsAbleToLogOutSuccessfully" time="1.425"/>
  <testcase classname="testscript.ManageDeliveryBoyTest" name="verifyUserIsAbleToAccessManageDeliveryBoyPage" time="8.186"/>
  <testcase classname="testscript.ManageLocationTest" name="verifyUserIsAbleToAccessManageLocationPage" time="3.415"/>
  <testcase classname="testscript.LoginTest" name="verifyUserIsAbleToLoginWithInvalidCredentials" time="0.602"/>
  <testcase classname="testscript.LoginTest" name="verifyUserIsAbleToLoginWithInvalidUsernameAndValidPassword" time="1.22"/>
  <testcase classname="testscript.LoginTest" name="verifyUserIsAbleToLoginWithValidCredentials" time="2.195"/>
  <testcase classname="testscript.LoginTest" name="verifyUserIsAbleToLoginWithValidUsernameAndInvalidPassword" time="2.178"/>
</testsuite> <!-- ChromeTest -->
