<?xml version="1.0" encoding="UTF-8"?>
<!-- Generated by org.testng.reporters.JUnitXMLReporter -->
<testsuite ignored="0" hostname="ACHUVISHNU" failures="0" tests="11" name="FirefoxTest" time="165.796" errors="0" timestamp="2026-07-09T21:26:08 IST">
  <testcase classname="testscript.ManageCategoryTest" name="verifyUserIsAbleToAccessManageCategoryField" time="2.28"/>
  <testcase classname="testscript.AdminUsersTest" name="verifyUserIsAbleToAddNewUserInformation" time="2.268"/>
  <testcase classname="testscript.AdminUsersTest" name="verifyUserIsAbleToRedirectSuccessfullyToAdminUsersPage" time="1.621"/>
  <testcase classname="testscript.ManageNewsTest" name="verifyUserIsAbleToAccessManageNewsPageSuccessfully" time="6.541"/>
  <testcase classname="testscript.LogOutTest" name="verifyUserIsAbleToLogOutSuccessfully" time="2.059"/>
  <testcase classname="testscript.ManageDeliveryBoyTest" name="verifyUserIsAbleToAccessManageDeliveryBoyPage" time="5.451"/>
  <testcase classname="testscript.ManageLocationTest" name="verifyUserIsAbleToAccessManageLocationPage" time="6.044"/>
  <testcase classname="testscript.LoginTest" name="verifyUserIsAbleToLoginWithInvalidCredentials" time="0.823"/>
  <testcase classname="testscript.LoginTest" name="verifyUserIsAbleToLoginWithInvalidUsernameAndValidPassword" time="0.644"/>
  <testcase classname="testscript.LoginTest" name="verifyUserIsAbleToLoginWithValidCredentials" time="0.59"/>
  <testcase classname="testscript.LoginTest" name="verifyUserIsAbleToLoginWithValidUsernameAndInvalidPassword" time="0.412"/>
</testsuite> <!-- FirefoxTest -->
