<?xml version="1.0" encoding="UTF-8"?>
<!-- Generated by org.testng.reporters.JUnitXMLReporter -->
<testsuite ignored="0" hostname="ACHUVISHNU" failures="0" tests="10" name="FirefoxTest" time="55.904" errors="0" timestamp="2026-07-06T23:30:26 IST">
  <testcase classname="testscript.ManageCategoryTest" name="verifyUserIsAbleToAccessManageCategoryField" time="0.0">
    <skipped/>
  </testcase> <!-- verifyUserIsAbleToAccessManageCategoryField -->
  <testcase classname="testscript.AdminUsersTest" name="verifyUserIsAbleToRedirectSuccessfullyToAdminUsersPage" time="0.0">
    <skipped/>
  </testcase> <!-- verifyUserIsAbleToRedirectSuccessfullyToAdminUsersPage -->
  <testcase classname="testscript.AdminUsersTest" name="verifyUserIsAbleToAddNewUserInformation" time="0.0">
    <skipped/>
  </testcase> <!-- verifyUserIsAbleToAddNewUserInformation -->
  <testcase classname="testscript.ManageContactTest" name="userIsAbleToAccessManageContactModule" time="0.0">
    <skipped/>
  </testcase> <!-- userIsAbleToAccessManageContactModule -->
  <testcase classname="testscript.ManageNewsTest" name="verifyUserIsAbleToAccessManageNewsPageSuccessfully" time="0.001">
    <skipped/>
  </testcase> <!-- verifyUserIsAbleToAccessManageNewsPageSuccessfully -->
  <testcase classname="testscript.ManageFooterTextTest" name="verifyUserIsAbleToAccessManageFooterTextField" time="0.0">
    <skipped/>
  </testcase> <!-- verifyUserIsAbleToAccessManageFooterTextField -->
  <testcase classname="testscript.LoginTest" name="verifyUserIsAbleToLoginWithInvalidCredentials" time="0.0">
    <skipped/>
  </testcase> <!-- verifyUserIsAbleToLoginWithInvalidCredentials -->
  <testcase classname="testscript.LoginTest" name="verifyUserIsAbleToLoginWithInvalidUsernameAndValidPassword" time="0.0">
    <skipped/>
  </testcase> <!-- verifyUserIsAbleToLoginWithInvalidUsernameAndValidPassword -->
  <testcase classname="testscript.LoginTest" name="verifyUserIsAbleToLoginWithValidCredentials" time="0.0">
    <skipped/>
  </testcase> <!-- verifyUserIsAbleToLoginWithValidCredentials -->
  <testcase classname="testscript.LoginTest" name="verifyUserIsAbleToLoginWithValidUsernameAndInvalidPassword" time="0.0">
    <skipped/>
  </testcase> <!-- verifyUserIsAbleToLoginWithValidUsernameAndInvalidPassword -->
</testsuite> <!-- FirefoxTest -->
